TN:
SF:C:\Users\Yamo\Documents\visual studio 2015\Projects\react-jPlayer\src\index.js
FNF:0
FNH:0
LF:0
LH:0
BRF:0
BRH:0
end_of_record
TN:
SF:C:\Users\Yamo\Documents\visual studio 2015\Projects\react-jPlayer\src\jPlayerConnect.jsx
FN:7,(anonymous_0)
FN:10,(anonymous_1)
FN:30,(anonymous_2)
FN:32,(anonymous_3)
FN:40,(anonymous_4)
FN:43,(anonymous_5)
FN:46,(anonymous_6)
FN:51,(anonymous_7)
FN:54,(anonymous_8)
FNF:9
FNH:0
FNDA:0,(anonymous_0)
FNDA:0,(anonymous_1)
FNDA:0,(anonymous_2)
FNDA:0,(anonymous_3)
FNDA:0,(anonymous_4)
FNDA:0,(anonymous_5)
FNDA:0,(anonymous_6)
FNDA:0,(anonymous_7)
FNDA:0,(anonymous_8)
DA:7,0
DA:8,0
DA:10,0
DA:11,0
DA:12,0
DA:16,0
DA:17,0
DA:24,0
DA:30,0
DA:32,0
DA:33,0
DA:36,0
DA:39,0
DA:41,0
DA:44,0
DA:47,0
DA:51,0
DA:55,0
LF:18
LH:0
BRDA:11,0,0,0
BRDA:11,0,1,0
BRDA:16,1,0,0
BRDA:16,1,1,0
BRDA:36,2,0,0
BRDA:36,2,1,0
BRF:6
BRH:0
end_of_record
TN:
SF:C:\Users\Yamo\Documents\visual studio 2015\Projects\react-jPlayer\src\jPlayerProvider.jsx
FN:12,(anonymous_0)
FN:21,(anonymous_1)
FN:33,(anonymous_2)
FN:42,(anonymous_3)
FNF:4
FNH:0
FNDA:0,(anonymous_0)
FNDA:0,(anonymous_1)
FNDA:0,(anonymous_2)
FNDA:0,(anonymous_3)
DA:9,0
DA:13,0
DA:22,0
DA:24,0
DA:27,0
DA:29,0
DA:30,0
DA:33,0
DA:34,0
DA:40,0
DA:43,0
LF:11
LH:0
BRDA:29,0,0,0
BRDA:29,0,1,0
BRF:2
BRH:0
end_of_record
TN:
SF:C:\Users\Yamo\Documents\visual studio 2015\Projects\react-jPlayer\src\jsdom.js
FN:6,(anonymous_0)
FNF:1
FNH:1
FNDA:162,(anonymous_0)
DA:3,2
DA:4,82
DA:6,66
DA:7,81
DA:8,65
LF:5
LH:5
BRDA:7,0,0,130
BRDA:7,0,1,32
BRF:2
BRH:2
end_of_record
TN:
SF:C:\Users\Yamo\Documents\visual studio 2015\Projects\react-jPlayer\src\jPlayer\barEvents.jsx
FN:5,(anonymous_0)
FN:11,(anonymous_1)
FN:19,(anonymous_2)
FN:25,(anonymous_3)
FN:26,(anonymous_4)
FN:27,(anonymous_5)
FN:29,(anonymous_6)
FN:30,(anonymous_7)
FN:32,(anonymous_8)
FN:33,(anonymous_9)
FN:34,(anonymous_10)
FN:35,(anonymous_11)
FN:41,(anonymous_12)
FNF:13
FNH:0
FNDA:0,(anonymous_0)
FNDA:0,(anonymous_1)
FNDA:0,(anonymous_2)
FNDA:0,(anonymous_3)
FNDA:0,(anonymous_4)
FNDA:0,(anonymous_5)
FNDA:0,(anonymous_6)
FNDA:0,(anonymous_7)
FNDA:0,(anonymous_8)
FNDA:0,(anonymous_9)
FNDA:0,(anonymous_10)
FNDA:0,(anonymous_11)
FNDA:0,(anonymous_12)
DA:5,0
DA:12,0
DA:20,0
DA:21,0
DA:22,0
DA:23,0
DA:25,0
DA:26,0
DA:28,0
DA:29,0
DA:31,0
DA:32,0
DA:33,0
DA:34,0
DA:36,0
DA:37,0
DA:38,0
DA:39,0
DA:42,0
LF:19
LH:0
BRDA:28,0,0,0
BRDA:28,0,1,0
BRDA:28,1,0,0
BRDA:28,1,1,0
BRDA:31,2,0,0
BRDA:31,2,1,0
BRDA:31,3,0,0
BRDA:31,3,1,0
BRF:8
BRH:0
end_of_record
TN:
SF:C:\Users\Yamo\Documents\visual studio 2015\Projects\react-jPlayer\src\jPlayer\_actions\actions.js
FN:3,(anonymous_0)
FN:9,(anonymous_1)
FN:14,(anonymous_2)
FN:18,(anonymous_3)
FN:23,(anonymous_4)
FN:28,(anonymous_5)
FN:33,(anonymous_6)
FN:38,(anonymous_7)
FN:43,(anonymous_8)
FN:48,(anonymous_9)
FN:53,(anonymous_10)
FN:58,(anonymous_11)
FN:63,(anonymous_12)
FNF:13
FNH:13
FNDA:10,(anonymous_0)
FNDA:6,(anonymous_1)
FNDA:2,(anonymous_2)
FNDA:6,(anonymous_3)
FNDA:6,(anonymous_4)
FNDA:2,(anonymous_5)
FNDA:2,(anonymous_6)
FNDA:10,(anonymous_7)
FNDA:2,(anonymous_8)
FNDA:2,(anonymous_9)
FNDA:10,(anonymous_10)
FNDA:10,(anonymous_11)
FNDA:2,(anonymous_12)
DA:3,8
DA:9,6
DA:14,4
DA:18,8
DA:23,4
DA:28,6
DA:33,2
DA:38,5
DA:43,1
DA:48,1
DA:53,5
DA:58,5
DA:63,1
LF:13
LH:13
BRF:0
BRH:0
end_of_record
TN:
SF:C:\Users\Yamo\Documents\visual studio 2015\Projects\react-jPlayer\src\jPlayer\_actions\actions.spec.js
FN:5,(anonymous_0)
FN:9,(anonymous_1)
FN:22,(anonymous_2)
FN:36,(anonymous_3)
FN:45,(anonymous_4)
FN:56,(anonymous_5)
FN:67,(anonymous_6)
FN:78,(anonymous_7)
FN:89,(anonymous_8)
FN:100,(anonymous_9)
FN:111,(anonymous_10)
FN:122,(anonymous_11)
FN:133,(anonymous_12)
FN:144,(anonymous_13)
FNF:14
FNH:14
FNDA:2,(anonymous_0)
FNDA:2,(anonymous_1)
FNDA:2,(anonymous_2)
FNDA:2,(anonymous_3)
FNDA:2,(anonymous_4)
FNDA:2,(anonymous_5)
FNDA:2,(anonymous_6)
FNDA:2,(anonymous_7)
FNDA:2,(anonymous_8)
FNDA:2,(anonymous_9)
FNDA:2,(anonymous_10)
FNDA:2,(anonymous_11)
FNDA:2,(anonymous_12)
FNDA:2,(anonymous_13)
DA:5,2
DA:6,2
DA:7,2
DA:9,2
DA:10,2
DA:11,2
DA:12,2
DA:19,2
DA:22,2
DA:23,2
DA:27,2
DA:33,2
DA:36,2
DA:37,2
DA:42,2
DA:45,2
DA:46,2
DA:47,2
DA:53,2
DA:56,2
DA:57,2
DA:58,2
DA:64,2
DA:67,2
DA:68,2
DA:69,2
DA:75,2
DA:78,1
DA:79,1
DA:80,1
DA:86,1
DA:89,1
DA:90,1
DA:91,1
DA:97,1
DA:100,1
DA:101,1
DA:102,1
DA:108,1
DA:111,1
DA:112,1
DA:113,1
DA:119,1
DA:122,1
DA:123,1
DA:124,1
DA:130,1
DA:133,1
DA:134,1
DA:135,1
DA:141,1
DA:144,1
DA:145,1
DA:150,1
LF:54
LH:54
BRF:0
BRH:0
end_of_record
TN:
SF:C:\Users\Yamo\Documents\visual studio 2015\Projects\react-jPlayer\src\jPlayer\_reducer\data.spec.js
FNF:0
FNH:0
DA:4,1
DA:5,1
DA:6,1
DA:8,1
DA:30,1
DA:83,1
DA:128,1
DA:184,1
DA:229,1
DA:265,1
DA:288,1
DA:311,1
DA:354,1
DA:377,1
DA:400,1
LF:15
LH:15
BRF:0
BRH:0
end_of_record
TN:
SF:C:\Users\Yamo\Documents\visual studio 2015\Projects\react-jPlayer\src\jPlayer\_reducer\reducer.js
FN:7,(anonymous_0)
FN:9,(anonymous_1)
FN:14,(anonymous_2)
FN:18,(anonymous_3)
FN:42,(anonymous_4)
FN:49,(anonymous_5)
FN:68,(anonymous_6)
FN:80,(anonymous_7)
FN:92,(anonymous_8)
FN:105,(anonymous_9)
FN:109,(anonymous_10)
FN:113,(anonymous_11)
FN:117,(anonymous_12)
FN:121,(anonymous_13)
FN:125,(anonymous_14)
FN:129,(anonymous_15)
FN:131,(anonymous_16)
FN:134,(anonymous_17)
FN:149,(anonymous_18)
FN:179,(anonymous_19)
FN:180,(anonymous_20)
FN:182,(anonymous_21)
FN:185,(anonymous_22)
FN:188,(anonymous_23)
FN:203,(anonymous_24)
FNF:25
FNH:25
FNDA:52,(anonymous_0)
FNDA:8,(anonymous_1)
FNDA:44,(anonymous_2)
FNDA:46,(anonymous_3)
FNDA:44,(anonymous_4)
FNDA:46,(anonymous_5)
FNDA:20,(anonymous_6)
FNDA:20,(anonymous_7)
FNDA:26,(anonymous_8)
FNDA:26,(anonymous_9)
FNDA:46,(anonymous_10)
FNDA:14,(anonymous_11)
FNDA:20,(anonymous_12)
FNDA:14,(anonymous_13)
FNDA:18,(anonymous_14)
FNDA:172,(anonymous_15)
FNDA:312,(anonymous_16)
FNDA:54,(anonymous_17)
FNDA:234,(anonymous_18)
FNDA:1514,(anonymous_19)
FNDA:10664,(anonymous_20)
FNDA:172,(anonymous_21)
FNDA:308,(anonymous_22)
FNDA:1514,(anonymous_23)
FNDA:348,(anonymous_24)
DA:7,52
DA:9,8
DA:14,2
DA:15,44
DA:16,45
DA:18,45
DA:21,25
DA:23,46
DA:26,24
DA:29,45
DA:35,23
DA:37,44
DA:42,24
DA:43,41
DA:49,41
DA:50,42
DA:51,38
DA:52,41
DA:53,22
DA:54,41
DA:58,44
DA:59,4
DA:63,32
DA:65,28
DA:68,5
DA:69,11
DA:70,16
DA:75,10
DA:80,5
DA:81,11
DA:82,19
DA:87,13
DA:92,5
DA:93,14
DA:95,26
DA:96,10
DA:100,27
DA:105,20
DA:109,33
DA:113,14
DA:117,19
DA:121,163
DA:125,87
DA:129,28
DA:130,99
DA:131,229
DA:133,87
DA:134,98
DA:135,28
DA:136,130
DA:138,16
DA:141,77
DA:142,23
DA:143,11
DA:145,95
DA:149,14
DA:150,130
DA:152,12
DA:154,11
DA:156,32
DA:158,17
DA:160,19
DA:162,14
DA:164,770
DA:166,5342
DA:168,8
DA:170,96
DA:172,161
DA:174,766
DA:179,2
DA:180,5364
DA:182,86
DA:183,87
DA:185,260
DA:186,240
DA:188,240
DA:189,842
DA:190,86
DA:194,155
DA:195,32
DA:200,85
DA:203,1
DA:204,174
DA:206,174
DA:208,86
DA:221,86
DA:222,85
DA:226,85
DA:231,2
LF:89
LH:89
BRDA:42,0,0,20
BRDA:50,1,0,42
BRDA:50,1,1,25
BRDA:50,2,0,26
BRDA:50,2,1,40
BRDA:58,3,0,9
BRDA:58,3,1,23
BRDA:69,4,0,9
BRDA:69,4,1,7
BRDA:72,5,0,9
BRDA:72,5,1,7
BRDA:81,6,0,9
BRDA:81,6,1,7
BRDA:84,7,0,12
BRDA:84,7,1,7
BRDA:95,8,0,22
BRDA:95,8,1,77
BRDA:133,9,0,26
BRDA:133,9,1,87
BRDA:135,10,0,14
BRDA:135,10,1,86
BRDA:141,11,0,3
BRDA:141,11,1,76
BRDA:149,12,0,86
BRDA:150,13,0,34
BRDA:150,13,1,125
BRDA:150,13,2,22
BRDA:150,13,3,10
BRDA:150,13,4,10
BRDA:150,13,5,13
BRDA:150,13,6,13
BRDA:150,13,7,10
BRDA:150,13,8,7
BRDA:150,13,9,10
BRDA:150,13,10,7
BRDA:150,13,11,9
BRDA:186,14,0,225
BRDA:189,15,0,87
BRDA:189,15,1,758
BRDA:194,16,0,32
BRDA:194,16,1,121
BRDA:194,17,0,153
BRDA:194,17,1,68
BRDA:203,18,0,1
BRDA:206,19,0,86
BRDA:206,19,1,2
BRDA:206,19,2,5
BRDA:206,19,3,25
BRDA:206,19,4,32
BRDA:206,19,5,39
BRDA:206,19,6,48
BRDA:206,19,7,55
BRDA:206,19,8,62
BRDA:206,19,9,67
BRDA:206,19,10,74
BRDA:206,19,11,79
BRDA:206,19,12,86
BRDA:206,19,13,2
BRF:58
BRH:58
end_of_record
TN:
SF:C:\Users\Yamo\Documents\visual studio 2015\Projects\react-jPlayer\src\jPlayer\_reducer\reducer.spec.js
FN:16,(anonymous_0)
FN:23,(anonymous_1)
FN:27,(anonymous_2)
FN:30,(anonymous_3)
FN:34,(anonymous_4)
FN:38,(anonymous_5)
FN:42,(anonymous_6)
FN:55,(anonymous_7)
FN:56,(anonymous_8)
FN:67,(anonymous_9)
FN:73,(anonymous_10)
FN:74,(anonymous_11)
FN:106,(anonymous_12)
FN:108,(anonymous_13)
FN:111,(anonymous_14)
FN:117,(anonymous_15)
FN:118,(anonymous_16)
FN:128,(anonymous_17)
FN:134,(anonymous_18)
FN:135,(anonymous_19)
FN:145,(anonymous_20)
FN:151,(anonymous_21)
FN:152,(anonymous_22)
FN:162,(anonymous_23)
FN:168,(anonymous_24)
FN:169,(anonymous_25)
FN:172,(anonymous_26)
FN:178,(anonymous_27)
FN:179,(anonymous_28)
FN:182,(anonymous_29)
FN:188,(anonymous_30)
FN:189,(anonymous_31)
FN:192,(anonymous_32)
FN:198,(anonymous_33)
FN:199,(anonymous_34)
FN:210,(anonymous_35)
FN:216,(anonymous_36)
FN:217,(anonymous_37)
FN:220,(anonymous_38)
FN:226,(anonymous_39)
FN:227,(anonymous_40)
FN:230,(anonymous_41)
FN:236,(anonymous_42)
FN:239,(anonymous_43)
FN:244,(anonymous_44)
FN:254,(anonymous_45)
FN:257,(anonymous_46)
FN:264,(anonymous_47)
FN:275,(anonymous_48)
FN:281,(anonymous_49)
FN:290,(anonymous_50)
FN:300,(anonymous_51)
FN:304,(anonymous_52)
FN:305,(anonymous_53)
FN:308,(anonymous_54)
FN:313,(anonymous_55)
FN:324,(anonymous_56)
FN:331,(anonymous_57)
FN:342,(anonymous_58)
FNF:59
FNH:59
FNDA:38,(anonymous_0)
FNDA:2,(anonymous_1)
FNDA:2,(anonymous_2)
FNDA:38,(anonymous_3)
FNDA:2,(anonymous_4)
FNDA:2,(anonymous_5)
FNDA:2,(anonymous_6)
FNDA:2,(anonymous_7)
FNDA:2,(anonymous_8)
FNDA:38,(anonymous_9)
FNDA:2,(anonymous_10)
FNDA:34,(anonymous_11)
FNDA:2,(anonymous_12)
FNDA:4,(anonymous_13)
FNDA:4,(anonymous_14)
FNDA:2,(anonymous_15)
FNDA:6,(anonymous_16)
FNDA:10,(anonymous_17)
FNDA:2,(anonymous_18)
FNDA:6,(anonymous_19)
FNDA:10,(anonymous_20)
FNDA:2,(anonymous_21)
FNDA:8,(anonymous_22)
FNDA:8,(anonymous_23)
FNDA:2,(anonymous_24)
FNDA:6,(anonymous_25)
FNDA:12,(anonymous_26)
FNDA:2,(anonymous_27)
FNDA:4,(anonymous_28)
FNDA:4,(anonymous_29)
FNDA:2,(anonymous_30)
FNDA:4,(anonymous_31)
FNDA:4,(anonymous_32)
FNDA:2,(anonymous_33)
FNDA:6,(anonymous_34)
FNDA:6,(anonymous_35)
FNDA:2,(anonymous_36)
FNDA:4,(anonymous_37)
FNDA:4,(anonymous_38)
FNDA:2,(anonymous_39)
FNDA:4,(anonymous_40)
FNDA:4,(anonymous_41)
FNDA:2,(anonymous_42)
FNDA:4,(anonymous_43)
FNDA:12,(anonymous_44)
FNDA:2,(anonymous_45)
FNDA:26,(anonymous_46)
FNDA:48,(anonymous_47)
FNDA:2,(anonymous_48)
FNDA:2,(anonymous_49)
FNDA:2,(anonymous_50)
FNDA:26,(anonymous_51)
FNDA:54,(anonymous_52)
FNDA:162,(anonymous_53)
FNDA:162,(anonymous_54)
FNDA:118,(anonymous_55)
FNDA:44,(anonymous_56)
FNDA:118,(anonymous_57)
FNDA:2,(anonymous_58)
DA:9,20
DA:10,20
DA:16,2
DA:17,20
DA:19,20
DA:20,38
DA:23,2
DA:24,2
DA:27,2
DA:30,2
DA:31,20
DA:34,2
DA:35,2
DA:38,2
DA:39,2
DA:42,20
DA:43,2
DA:50,2
DA:55,18
DA:56,18
DA:57,2
DA:65,2
DA:67,2
DA:68,21
DA:73,3
DA:74,2
DA:75,18
DA:77,20
DA:87,22
DA:106,2
DA:107,2
DA:108,4
DA:109,7
DA:111,3
DA:112,3
DA:117,5
DA:118,5
DA:119,4
DA:126,4
DA:128,6
DA:129,11
DA:134,2
DA:135,2
DA:136,5
DA:143,5
DA:145,4
DA:146,6
DA:151,3
DA:152,3
DA:153,5
DA:160,5
DA:162,7
DA:163,7
DA:168,2
DA:169,2
DA:170,5
DA:172,5
DA:173,7
DA:178,2
DA:179,3
DA:180,4
DA:182,3
DA:183,3
DA:188,2
DA:189,3
DA:190,4
DA:192,8
DA:193,6
DA:198,3
DA:199,2
DA:200,4
DA:208,4
DA:210,16
DA:211,15
DA:216,25
DA:217,13
DA:218,14
DA:220,3
DA:221,3
DA:226,2
DA:227,2
DA:228,3
DA:230,3
DA:231,3
DA:236,2
DA:237,2
DA:239,2
DA:240,3
DA:242,3
DA:244,15
DA:245,17
DA:246,85
DA:248,83
DA:254,28
DA:255,60
DA:257,28
DA:258,35
DA:259,39
DA:264,71
DA:265,25
DA:266,13
DA:268,12
DA:275,1
DA:276,1
DA:277,1
DA:279,1
DA:281,1
DA:282,1
DA:290,1
DA:291,1
DA:293,1
DA:295,1
DA:296,1
DA:297,1
DA:298,1
DA:300,1
DA:301,13
DA:303,13
DA:304,11
DA:305,27
DA:306,81
DA:308,27
DA:309,81
DA:311,27
DA:313,27
DA:314,59
DA:320,27
DA:324,27
DA:325,22
DA:331,27
DA:332,59
DA:342,1
LF:132
LH:132
BRDA:245,0,0,8
BRDA:245,0,1,4
BRDA:258,1,0,24
BRDA:258,1,1,2
BRDA:265,2,0,24
BRDA:265,2,1,24
BRDA:303,3,0,22
BRDA:303,3,1,4
BRDA:303,4,0,26
BRDA:303,4,1,24
BRF:10
BRH:10
end_of_record
TN:
SF:C:\Users\Yamo\Documents\visual studio 2015\Projects\react-jPlayer\src\jPlayer\audio\audio.container.jsx
FN:4,(anonymous_0)
FNF:1
FNH:1
FNDA:4,(anonymous_0)
DA:4,4
LF:1
LH:1
BRF:0
BRH:0
end_of_record
TN:
SF:C:\Users\Yamo\Documents\visual studio 2015\Projects\react-jPlayer\src\jPlayer\audio\audio.jsx
FN:5,(anonymous_0)
FNF:1
FNH:1
FNDA:6,(anonymous_0)
DA:5,2
DA:6,6
DA:15,2
DA:21,2
LF:4
LH:4
BRDA:6,0,0,4
BRDA:6,0,1,2
BRF:2
BRH:2
end_of_record
TN:
SF:C:\Users\Yamo\Documents\visual studio 2015\Projects\react-jPlayer\src\jPlayer\audio\audio.spec.container.jsx
FN:12,(anonymous_0)
FN:13,(anonymous_1)
FN:14,(anonymous_2)
FNF:3
FNH:3
FNDA:2,(anonymous_0)
FNDA:4,(anonymous_1)
FNDA:4,(anonymous_2)
DA:6,2
DA:7,2
DA:12,3
DA:13,3
DA:14,2
DA:15,2
DA:16,2
LF:7
LH:7
BRF:0
BRH:0
end_of_record
TN:
SF:C:\Users\Yamo\Documents\visual studio 2015\Projects\react-jPlayer\src\jPlayer\audio\audio.spec.jsx
FN:34,(anonymous_0)
FN:52,(anonymous_1)
FN:56,(anonymous_2)
FN:60,(anonymous_3)
FN:63,(anonymous_4)
FN:72,(anonymous_5)
FNF:6
FNH:6
FNDA:4,(anonymous_0)
FNDA:2,(anonymous_1)
FNDA:4,(anonymous_2)
FNDA:2,(anonymous_3)
FNDA:46,(anonymous_4)
FNDA:2,(anonymous_5)
DA:8,2
DA:34,3
DA:35,3
DA:44,3
DA:46,3
DA:52,2
DA:56,24
DA:57,3
DA:60,2
DA:61,2
DA:63,2
DA:64,24
DA:67,2
DA:68,1
DA:69,1
DA:72,1
DA:73,1
DA:74,1
LF:18
LH:18
BRF:0
BRH:0
end_of_record
TN:
SF:C:\Users\Yamo\Documents\visual studio 2015\Projects\react-jPlayer\src\jPlayer\browserUnsupported\browserUnsupported.container.jsx
FN:7,(anonymous_0)
FN:17,(anonymous_1)
FNF:2
FNH:2
FNDA:2,(anonymous_0)
FNDA:4,(anonymous_1)
DA:7,2
DA:8,2
DA:17,4
LF:3
LH:3
BRDA:19,0,0,4
BRDA:19,0,1,2
BRF:2
BRH:2
end_of_record
TN:
SF:C:\Users\Yamo\Documents\visual studio 2015\Projects\react-jPlayer\src\jPlayer\browserUnsupported\browserUnsupported.jsx
FN:3,(anonymous_0)
FNF:1
FNH:1
FNDA:6,(anonymous_0)
DA:3,2
DA:4,6
DA:7,2
LF:3
LH:3
BRDA:4,0,0,2
BRDA:4,0,1,4
BRF:2
BRH:2
end_of_record
TN:
SF:C:\Users\Yamo\Documents\visual studio 2015\Projects\react-jPlayer\src\jPlayer\browserUnsupported\browserUnsupported.spec.container.jsx
FN:18,(anonymous_0)
FN:19,(anonymous_1)
FN:29,(anonymous_2)
FNF:3
FNH:3
FNDA:2,(anonymous_0)
FNDA:2,(anonymous_1)
FNDA:2,(anonymous_2)
DA:9,2
DA:11,2
DA:18,2
DA:19,2
DA:20,2
DA:23,2
DA:29,1
DA:30,1
DA:32,1
DA:34,1
DA:35,1
LF:11
LH:11
BRF:0
BRH:0
end_of_record
TN:
SF:C:\Users\Yamo\Documents\visual studio 2015\Projects\react-jPlayer\src\jPlayer\browserUnsupported\browserUnsupported.spec.jsx
FN:7,(anonymous_0)
FN:20,(anonymous_1)
FN:23,(anonymous_2)
FN:27,(anonymous_3)
FN:31,(anonymous_4)
FNF:5
FNH:5
FNDA:4,(anonymous_0)
FNDA:2,(anonymous_1)
FNDA:4,(anonymous_2)
FNDA:2,(anonymous_3)
FNDA:2,(anonymous_4)
DA:7,2
DA:8,4
DA:12,3
DA:14,3
DA:20,2
DA:23,2
DA:24,3
DA:27,2
DA:28,2
DA:31,1
DA:32,1
DA:33,1
LF:12
LH:12
BRF:0
BRH:0
end_of_record
TN:
SF:C:\Users\Yamo\Documents\visual studio 2015\Projects\react-jPlayer\src\jPlayer\bufferBar\bufferBar.container.jsx
FN:6,(anonymous_0)
FN:13,(anonymous_1)
FN:26,(anonymous_2)
FN:31,(anonymous_3)
FN:39,(anonymous_4)
FN:42,(anonymous_5)
FN:45,(anonymous_6)
FN:49,(anonymous_7)
FN:58,(anonymous_8)
FNF:9
FNH:9
FNDA:2,(anonymous_0)
FNDA:23,(anonymous_1)
FNDA:21,(anonymous_2)
FNDA:5,(anonymous_3)
FNDA:5,(anonymous_4)
FNDA:1,(anonymous_5)
FNDA:2,(anonymous_6)
FNDA:2,(anonymous_7)
FNDA:7,(anonymous_8)
DA:6,2
DA:14,23
DA:27,21
DA:32,5
DA:33,4
DA:34,3
DA:36,5
DA:40,5
DA:43,2
DA:46,4
DA:47,9
DA:49,22
DA:50,22
DA:51,2
DA:52,2
DA:54,2
DA:55,2
DA:59,7
DA:60,7
LF:19
LH:19
BRDA:32,0,0,4
BRDA:32,0,1,2
BRDA:33,1,0,2
BRDA:33,1,1,2
BRF:4
BRH:4
end_of_record
TN:
SF:C:\Users\Yamo\Documents\visual studio 2015\Projects\react-jPlayer\src\jPlayer\bufferBar\bufferBar.jsx
FN:5,(anonymous_0)
FNF:1
FNH:1
FNDA:2,(anonymous_0)
DA:5,2
DA:6,2
DA:12,2
LF:3
LH:3
BRF:0
BRH:0
end_of_record
TN:
SF:C:\Users\Yamo\Documents\visual studio 2015\Projects\react-jPlayer\src\jPlayer\bufferBar\bufferBar.spec.container.jsx
FN:21,(anonymous_0)
FN:27,(anonymous_1)
FN:28,(anonymous_2)
FN:32,(anonymous_3)
FN:37,(anonymous_4)
FN:49,(anonymous_5)
FN:60,(anonymous_6)
FN:77,(anonymous_7)
FN:89,(anonymous_8)
FN:93,(anonymous_9)
FNF:10
FNH:10
FNDA:12,(anonymous_0)
FNDA:2,(anonymous_1)
FNDA:2,(anonymous_2)
FNDA:2,(anonymous_3)
FNDA:2,(anonymous_4)
FNDA:2,(anonymous_5)
FNDA:2,(anonymous_6)
FNDA:2,(anonymous_7)
FNDA:10,(anonymous_8)
FNDA:2,(anonymous_9)
DA:9,2
DA:18,7
DA:19,2
DA:21,7
DA:23,2
DA:27,2
DA:28,2
DA:29,2
DA:32,2
DA:33,2
DA:34,2
DA:37,2
DA:38,2
DA:39,2
DA:41,2
DA:43,2
DA:45,2
DA:49,2
DA:50,2
DA:51,2
DA:53,2
DA:55,2
DA:57,2
DA:60,2
DA:61,2
DA:62,6
DA:63,2
DA:68,2
DA:70,1
DA:72,1
DA:74,1
DA:77,1
DA:78,1
DA:80,1
DA:83,1
DA:85,1
DA:86,1
DA:89,1
DA:90,5
DA:93,1
DA:94,1
LF:41
LH:41
BRF:0
BRH:0
end_of_record
TN:
SF:C:\Users\Yamo\Documents\visual studio 2015\Projects\react-jPlayer\src\jPlayer\bufferBar\bufferBar.spec.jsx
FN:8,(anonymous_0)
FN:22,(anonymous_1)
FN:26,(anonymous_2)
FN:30,(anonymous_3)
FNF:4
FNH:4
FNDA:2,(anonymous_0)
FNDA:2,(anonymous_1)
FNDA:2,(anonymous_2)
FNDA:2,(anonymous_3)
DA:8,2
DA:9,2
DA:14,2
DA:16,2
DA:22,2
DA:26,2
DA:27,2
DA:30,1
DA:31,1
DA:32,1
LF:10
LH:10
BRF:0
BRH:0
end_of_record
TN:
SF:C:\Users\Yamo\Documents\visual studio 2015\Projects\react-jPlayer\src\jPlayer\currentTime\currentTime.container.jsx
FN:4,(anonymous_0)
FNF:1
FNH:1
FNDA:4,(anonymous_0)
DA:4,4
LF:1
LH:1
BRDA:5,0,0,4
BRDA:5,0,1,2
BRF:2
BRH:2
end_of_record
TN:
SF:C:\Users\Yamo\Documents\visual studio 2015\Projects\react-jPlayer\src\jPlayer\currentTime\currentTime.jsx
FN:5,(anonymous_0)
FNF:1
FNH:1
FNDA:2,(anonymous_0)
DA:5,2
DA:6,2
DA:11,2
DA:15,2
LF:4
LH:4
BRF:0
BRH:0
end_of_record
TN:
SF:C:\Users\Yamo\Documents\visual studio 2015\Projects\react-jPlayer\src\jPlayer\currentTime\currentTime.spec.container.jsx
FN:9,(anonymous_0)
FN:10,(anonymous_1)
FN:18,(anonymous_2)
FNF:3
FNH:3
FNDA:2,(anonymous_0)
FNDA:2,(anonymous_1)
FNDA:2,(anonymous_2)
DA:7,2
DA:9,2
DA:10,2
DA:11,2
DA:13,2
DA:18,1
DA:19,1
DA:20,1
DA:22,1
LF:9
LH:9
BRF:0
BRH:0
end_of_record
TN:
SF:C:\Users\Yamo\Documents\visual studio 2015\Projects\react-jPlayer\src\jPlayer\currentTime\currentTime.spec.jsx
FN:8,(anonymous_0)
FN:24,(anonymous_1)
FN:28,(anonymous_2)
FN:32,(anonymous_3)
FNF:4
FNH:4
FNDA:2,(anonymous_0)
FNDA:2,(anonymous_1)
FNDA:2,(anonymous_2)
FNDA:2,(anonymous_3)
DA:8,2
DA:9,2
DA:16,2
DA:18,2
DA:24,2
DA:28,2
DA:29,2
DA:32,2
DA:33,1
DA:34,1
DA:35,1
LF:11
LH:11
BRF:0
BRH:0
end_of_record
TN:
SF:C:\Users\Yamo\Documents\visual studio 2015\Projects\react-jPlayer\src\jPlayer\download\download.container.js
FN:4,(anonymous_0)
FNF:1
FNH:1
FNDA:2,(anonymous_0)
DA:4,2
LF:1
LH:1
BRF:0
BRH:0
end_of_record
TN:
SF:C:\Users\Yamo\Documents\visual studio 2015\Projects\react-jPlayer\src\jPlayer\download\download.jsx
FN:5,(anonymous_0)
FNF:1
FNH:1
FNDA:6,(anonymous_0)
DA:5,2
DA:6,6
DA:16,2
DA:20,2
LF:4
LH:4
BRDA:6,0,0,4
BRDA:6,0,1,2
BRF:2
BRH:2
end_of_record
TN:
SF:C:\Users\Yamo\Documents\visual studio 2015\Projects\react-jPlayer\src\jPlayer\download\download.spec.container.jsx
FN:9,(anonymous_0)
FN:10,(anonymous_1)
FNF:2
FNH:2
FNDA:2,(anonymous_0)
FNDA:2,(anonymous_1)
DA:7,2
DA:9,2
DA:10,2
DA:11,1
DA:13,1
LF:5
LH:5
BRF:0
BRH:0
end_of_record
TN:
SF:C:\Users\Yamo\Documents\visual studio 2015\Projects\react-jPlayer\src\jPlayer\download\download.spec.jsx
FN:8,(anonymous_0)
FN:26,(anonymous_1)
FN:30,(anonymous_2)
FN:34,(anonymous_3)
FN:42,(anonymous_4)
FNF:5
FNH:5
FNDA:4,(anonymous_0)
FNDA:2,(anonymous_1)
FNDA:4,(anonymous_2)
FNDA:2,(anonymous_3)
FNDA:2,(anonymous_4)
DA:8,2
DA:9,4
DA:18,3
DA:20,3
DA:26,2
DA:30,2
DA:31,3
DA:34,2
DA:35,2
DA:36,2
DA:37,2
DA:38,2
DA:39,2
DA:42,1
DA:43,1
DA:44,1
LF:16
LH:16
BRF:0
BRH:0
end_of_record
TN:
SF:C:\Users\Yamo\Documents\visual studio 2015\Projects\react-jPlayer\src\jPlayer\duration\duration.container.jsx
FN:4,(anonymous_0)
FNF:1
FNH:1
FNDA:4,(anonymous_0)
DA:4,4
LF:1
LH:1
BRDA:5,0,0,4
BRDA:5,0,1,2
BRF:2
BRH:2
end_of_record
TN:
SF:C:\Users\Yamo\Documents\visual studio 2015\Projects\react-jPlayer\src\jPlayer\duration\duration.jsx
FN:5,(anonymous_0)
FNF:1
FNH:1
FNDA:2,(anonymous_0)
DA:5,2
DA:6,2
DA:13,2
DA:17,2
LF:4
LH:4
BRDA:6,0,0,2
BRDA:6,0,1,0
BRF:2
BRH:1
end_of_record
TN:
SF:C:\Users\Yamo\Documents\visual studio 2015\Projects\react-jPlayer\src\jPlayer\duration\duration.spec.container.jsx
FN:9,(anonymous_0)
FN:10,(anonymous_1)
FN:18,(anonymous_2)
FNF:3
FNH:3
FNDA:2,(anonymous_0)
FNDA:2,(anonymous_1)
FNDA:2,(anonymous_2)
DA:7,2
DA:9,2
DA:10,2
DA:11,2
DA:13,2
DA:18,1
DA:19,1
DA:20,1
DA:22,1
LF:9
LH:9
BRF:0
BRH:0
end_of_record
TN:
SF:C:\Users\Yamo\Documents\visual studio 2015\Projects\react-jPlayer\src\jPlayer\duration\duration.spec.jsx
FN:8,(anonymous_0)
FN:24,(anonymous_1)
FN:28,(anonymous_2)
FN:32,(anonymous_3)
FNF:4
FNH:4
FNDA:2,(anonymous_0)
FNDA:2,(anonymous_1)
FNDA:2,(anonymous_2)
FNDA:2,(anonymous_3)
DA:8,2
DA:9,2
DA:16,2
DA:18,2
DA:24,2
DA:28,2
DA:29,2
DA:32,2
DA:33,1
DA:34,1
DA:35,1
LF:11
LH:11
BRF:0
BRH:0
end_of_record
TN:
SF:C:\Users\Yamo\Documents\visual studio 2015\Projects\react-jPlayer\src\jPlayer\fullScreen\fullScreen.container.jsx
FN:5,(anonymous_0)
FN:9,(anonymous_1)
FN:10,(anonymous_2)
FNF:3
FNH:3
FNDA:2,(anonymous_0)
FNDA:4,(anonymous_1)
FNDA:4,(anonymous_2)
DA:5,2
DA:9,4
DA:10,4
LF:3
LH:3
BRF:0
BRH:0
end_of_record
TN:
SF:C:\Users\Yamo\Documents\visual studio 2015\Projects\react-jPlayer\src\jPlayer\fullScreen\fullScreen.jsx
FN:5,(anonymous_0)
FNF:1
FNH:1
FNDA:2,(anonymous_0)
DA:5,2
DA:6,2
DA:11,2
DA:15,2
LF:4
LH:4
BRF:0
BRH:0
end_of_record
TN:
SF:C:\Users\Yamo\Documents\visual studio 2015\Projects\react-jPlayer\src\jPlayer\fullScreen\fullScreen.spec.container.jsx
FN:15,(anonymous_0)
FN:16,(anonymous_1)
FN:24,(anonymous_2)
FN:25,(anonymous_3)
FN:37,(anonymous_4)
FNF:5
FNH:5
FNDA:2,(anonymous_0)
FNDA:2,(anonymous_1)
FNDA:4,(anonymous_2)
FNDA:4,(anonymous_3)
FNDA:6,(anonymous_4)
DA:7,2
DA:8,2
DA:9,2
DA:13,2
DA:15,3
DA:16,3
DA:17,3
DA:19,2
DA:24,4
DA:25,2
DA:26,2
DA:28,2
DA:30,2
DA:37,1
DA:38,3
LF:15
LH:15
BRF:0
BRH:0
end_of_record
TN:
SF:C:\Users\Yamo\Documents\visual studio 2015\Projects\react-jPlayer\src\jPlayer\fullScreen\fullScreen.spec.jsx
FN:8,(anonymous_0)
FN:25,(anonymous_1)
FN:29,(anonymous_2)
FN:33,(anonymous_3)
FNF:4
FNH:4
FNDA:2,(anonymous_0)
FNDA:2,(anonymous_1)
FNDA:2,(anonymous_2)
FNDA:2,(anonymous_3)
DA:8,2
DA:9,2
DA:17,2
DA:19,2
DA:25,2
DA:29,2
DA:30,2
DA:33,2
DA:34,2
DA:36,2
DA:37,1
DA:38,1
DA:39,1
LF:13
LH:13
BRF:0
BRH:0
end_of_record
TN:
SF:C:\Users\Yamo\Documents\visual studio 2015\Projects\react-jPlayer\src\jPlayer\gui\gui.container.js
FN:5,(anonymous_0)
FN:12,(anonymous_1)
FN:14,(anonymous_2)
FNF:3
FNH:3
FNDA:2,(anonymous_0)
FNDA:8,(anonymous_1)
FNDA:6,(anonymous_2)
DA:5,2
DA:12,2
DA:13,8
DA:15,6
DA:16,2
DA:17,2
LF:6
LH:6
BRDA:15,0,0,2
BRDA:15,0,1,4
BRDA:15,1,0,6
BRDA:15,1,1,4
BRF:4
BRH:4
end_of_record
TN:
SF:C:\Users\Yamo\Documents\visual studio 2015\Projects\react-jPlayer\src\jPlayer\gui\gui.jsx
FN:6,(anonymous_0)
FN:11,(anonymous_1)
FNF:2
FNH:2
FNDA:2,(anonymous_0)
FNDA:2,(anonymous_1)
DA:6,2
DA:7,2
DA:12,2
DA:27,2
DA:31,2
LF:5
LH:5
BRDA:9,0,0,0
BRDA:9,0,1,2
BRDA:9,1,0,0
BRDA:9,1,1,0
BRDA:17,2,0,0
BRDA:17,2,1,2
BRF:6
BRH:2
end_of_record
TN:
SF:C:\Users\Yamo\Documents\visual studio 2015\Projects\react-jPlayer\src\jPlayer\gui\gui.spec.container.jsx
FN:14,(anonymous_0)
FN:15,(anonymous_1)
FN:19,(anonymous_2)
FN:32,(anonymous_3)
FN:46,(anonymous_4)
FN:65,(anonymous_5)
FN:77,(anonymous_6)
FN:89,(anonymous_7)
FNF:8
FNH:8
FNDA:2,(anonymous_0)
FNDA:10,(anonymous_1)
FNDA:2,(anonymous_2)
FNDA:2,(anonymous_3)
FNDA:2,(anonymous_4)
FNDA:2,(anonymous_5)
FNDA:2,(anonymous_6)
FNDA:10,(anonymous_7)
DA:7,2
DA:8,2
DA:9,6
DA:12,2
DA:14,2
DA:15,2
DA:16,6
DA:19,2
DA:20,2
DA:24,2
DA:32,2
DA:33,2
DA:38,2
DA:40,2
DA:46,2
DA:47,2
DA:48,2
DA:55,2
DA:57,2
DA:62,2
DA:65,2
DA:66,6
DA:71,6
DA:73,1
DA:74,1
DA:77,1
DA:78,1
DA:83,1
DA:85,1
DA:86,1
DA:89,1
DA:90,5
DA:91,5
LF:33
LH:33
BRF:0
BRH:0
end_of_record
TN:
SF:C:\Users\Yamo\Documents\visual studio 2015\Projects\react-jPlayer\src\jPlayer\gui\gui.spec.jsx
FN:8,(anonymous_0)
FN:25,(anonymous_1)
FN:29,(anonymous_2)
FN:33,(anonymous_3)
FN:44,(anonymous_4)
FNF:5
FNH:5
FNDA:2,(anonymous_0)
FNDA:2,(anonymous_1)
FNDA:2,(anonymous_2)
FNDA:2,(anonymous_3)
FNDA:2,(anonymous_4)
DA:8,2
DA:9,2
DA:17,2
DA:19,2
DA:25,2
DA:29,2
DA:30,2
DA:33,2
DA:34,2
DA:36,2
DA:38,2
DA:39,2
DA:40,1
DA:41,1
DA:44,1
DA:45,1
LF:16
LH:16
BRF:0
BRH:0
end_of_record
TN:
SF:C:\Users\Yamo\Documents\visual studio 2015\Projects\react-jPlayer\src\jPlayer\jPlayer\jPlayer.container.jsx
FN:13,(anonymous_0)
FN:17,(anonymous_1)
FN:47,(anonymous_2)
FN:48,(anonymous_3)
FN:49,(anonymous_4)
FN:54,(anonymous_5)
FN:82,(anonymous_6)
FN:88,(anonymous_7)
FN:93,(anonymous_8)
FN:96,(anonymous_9)
FN:104,(anonymous_10)
FN:109,(anonymous_11)
FN:126,(anonymous_12)
FN:127,(anonymous_13)
FN:144,(anonymous_14)
FN:148,(anonymous_15)
FN:155,(anonymous_16)
FN:160,(anonymous_17)
FN:166,(anonymous_18)
FNF:19
FNH:11
FNDA:34,(anonymous_0)
FNDA:8,(anonymous_1)
FNDA:2,(anonymous_2)
FNDA:2,(anonymous_3)
FNDA:2,(anonymous_4)
FNDA:6,(anonymous_5)
FNDA:7,(anonymous_6)
FNDA:2,(anonymous_7)
FNDA:1,(anonymous_8)
FNDA:0,(anonymous_9)
FNDA:0,(anonymous_10)
FNDA:0,(anonymous_11)
FNDA:1,(anonymous_12)
FNDA:0,(anonymous_13)
FNDA:0,(anonymous_14)
FNDA:0,(anonymous_15)
FNDA:0,(anonymous_16)
FNDA:0,(anonymous_17)
FNDA:2,(anonymous_18)
DA:11,2
DA:13,18
DA:14,18
DA:17,5
DA:47,2
DA:48,2
DA:49,1
DA:55,6
DA:83,6
DA:89,2
DA:90,1
DA:94,1
DA:97,0
DA:98,1
DA:100,0
DA:101,0
DA:105,0
DA:106,0
DA:110,0
DA:111,0
DA:113,0
DA:114,0
DA:115,0
DA:117,0
DA:119,0
DA:123,0
DA:126,1
DA:128,0
DA:129,0
DA:130,0
DA:131,0
DA:135,0
DA:137,2
DA:138,1
DA:140,1
DA:145,0
DA:146,0
DA:147,0
DA:148,0
DA:149,0
DA:150,0
DA:156,2
DA:157,6
DA:161,6
DA:163,0
DA:167,2
LF:46
LH:21
BRDA:17,0,0,8
BRDA:35,1,0,8
BRDA:35,1,1,6
BRDA:36,2,0,4
BRDA:36,2,1,3
BRDA:89,3,0,1
BRDA:89,3,1,1
BRDA:100,4,0,0
BRDA:100,4,1,0
BRDA:105,5,0,0
BRDA:105,5,1,0
BRDA:110,6,0,0
BRDA:110,6,1,0
BRDA:113,7,0,0
BRDA:113,7,1,0
BRDA:117,8,0,0
BRDA:117,8,1,0
BRDA:117,9,0,0
BRDA:117,9,1,0
BRDA:128,10,0,0
BRDA:128,10,1,0
BRDA:129,11,0,0
BRDA:129,11,1,0
BRDA:130,12,0,0
BRDA:130,12,1,0
BRDA:137,13,0,0
BRDA:137,13,1,0
BRDA:145,14,0,0
BRDA:145,14,1,0
BRDA:145,15,0,0
BRDA:145,15,1,0
BRDA:149,16,0,1
BRDA:149,16,1,1
BRDA:149,17,0,0
BRDA:149,17,1,0
BRDA:156,18,0,0
BRDA:156,18,1,0
BRDA:161,19,0,0
BRDA:161,19,1,0
BRF:39
BRH:9
end_of_record
TN:
SF:C:\Users\Yamo\Documents\visual studio 2015\Projects\react-jPlayer\src\jPlayer\jPlayer\jPlayer.jsx
FN:6,(anonymous_0)
FNF:1
FNH:1
FNDA:6,(anonymous_0)
DA:6,2
DA:7,6
DA:13,2
DA:17,2
DA:27,2
LF:5
LH:5
BRDA:9,0,0,6
BRDA:9,0,1,4
BRF:2
BRH:2
end_of_record
TN:
SF:C:\Users\Yamo\Documents\visual studio 2015\Projects\react-jPlayer\src\jPlayer\jPlayer\jPlayer.spec.container.jsx
FN:50,(anonymous_0)
FN:56,(anonymous_1)
FN:57,(anonymous_2)
FN:61,(anonymous_3)
FN:81,(anonymous_4)
FN:82,(anonymous_5)
FN:90,(anonymous_6)
FN:101,(anonymous_7)
FN:127,(anonymous_8)
FN:136,(anonymous_9)
FN:142,(anonymous_10)
FNF:11
FNH:11
FNDA:2,(anonymous_0)
FNDA:2,(anonymous_1)
FNDA:2,(anonymous_2)
FNDA:2,(anonymous_3)
FNDA:2,(anonymous_4)
FNDA:6,(anonymous_5)
FNDA:2,(anonymous_6)
FNDA:2,(anonymous_7)
FNDA:2,(anonymous_8)
FNDA:10,(anonymous_9)
FNDA:2,(anonymous_10)
DA:10,2
DA:45,2
DA:46,2
DA:47,2
DA:48,2
DA:50,2
DA:52,2
DA:56,2
DA:57,2
DA:58,2
DA:61,4
DA:62,2
DA:63,2
DA:67,2
DA:69,2
DA:81,2
DA:82,2
DA:83,4
DA:84,4
DA:86,4
DA:90,2
DA:91,2
DA:93,2
DA:94,2
DA:96,2
DA:97,6
DA:98,6
DA:101,6
DA:102,2
DA:103,2
DA:104,1
DA:106,1
DA:113,1
DA:115,1
DA:127,1
DA:128,1
DA:129,1
DA:131,1
DA:133,1
DA:136,1
DA:137,5
DA:138,5
DA:139,5
DA:142,1
DA:143,1
LF:45
LH:45
BRF:0
BRH:0
end_of_record
TN:
SF:C:\Users\Yamo\Documents\visual studio 2015\Projects\react-jPlayer\src\jPlayer\jPlayer\jPlayer.spec.jsx
FN:8,(anonymous_0)
FN:24,(anonymous_1)
FN:28,(anonymous_2)
FN:32,(anonymous_3)
FN:38,(anonymous_4)
FN:43,(anonymous_5)
FNF:6
FNH:6
FNDA:4,(anonymous_0)
FNDA:2,(anonymous_1)
FNDA:4,(anonymous_2)
FNDA:2,(anonymous_3)
FNDA:2,(anonymous_4)
FNDA:4,(anonymous_5)
DA:8,2
DA:9,4
DA:16,3
DA:18,3
DA:24,2
DA:28,2
DA:29,3
DA:32,2
DA:33,2
DA:34,2
DA:35,2
DA:38,2
DA:39,3
DA:40,1
DA:43,1
DA:44,2
LF:16
LH:16
BRF:0
BRH:0
end_of_record
TN:
SF:C:\Users\Yamo\Documents\visual studio 2015\Projects\react-jPlayer\src\jPlayer\keyControl\keyControl.container.js
FN:8,(anonymous_0)
FN:20,(anonymous_1)
FN:25,(anonymous_2)
FN:30,(anonymous_3)
FN:39,(anonymous_4)
FN:43,(anonymous_5)
FN:49,(anonymous_6)
FN:53,(anonymous_7)
FN:61,(anonymous_8)
FN:67,(anonymous_9)
FN:72,(anonymous_10)
FN:75,(anonymous_11)
FN:78,(anonymous_12)
FN:79,(anonymous_13)
FN:83,(anonymous_14)
FN:92,(anonymous_15)
FNF:16
FNH:0
FNDA:0,(anonymous_0)
FNDA:0,(anonymous_1)
FNDA:0,(anonymous_2)
FNDA:0,(anonymous_3)
FNDA:0,(anonymous_4)
FNDA:0,(anonymous_5)
FNDA:0,(anonymous_6)
FNDA:0,(anonymous_7)
FNDA:0,(anonymous_8)
FNDA:0,(anonymous_9)
FNDA:0,(anonymous_10)
FNDA:0,(anonymous_11)
FNDA:0,(anonymous_12)
FNDA:0,(anonymous_13)
FNDA:0,(anonymous_14)
FNDA:0,(anonymous_15)
DA:8,2
DA:20,2
DA:25,0
DA:31,0
DA:33,0
DA:39,0
DA:44,0
DA:49,0
DA:53,0
DA:62,0
DA:68,0
DA:73,0
DA:76,0
DA:79,0
DA:81,0
DA:83,0
DA:84,0
DA:86,0
DA:87,0
DA:88,0
DA:93,0
LF:21
LH:2
BRDA:25,0,0,0
BRDA:25,0,1,0
BRDA:31,1,0,0
BRDA:31,1,1,0
BRDA:31,2,0,0
BRDA:31,2,1,0
BRDA:31,2,2,0
BRDA:53,3,0,0
BRDA:53,3,1,0
BRDA:79,4,0,0
BRDA:79,4,1,0
BRDA:79,5,0,0
BRDA:79,5,1,0
BRDA:86,6,0,0
BRDA:86,6,1,0
BRDA:86,7,0,0
BRDA:86,7,1,0
BRF:17
BRH:0
end_of_record
TN:
SF:C:\Users\Yamo\Documents\visual studio 2015\Projects\react-jPlayer\src\jPlayer\media\media.container.jsx
FN:7,(anonymous_0)
FN:26,(anonymous_1)
FN:27,(anonymous_2)
FN:28,(anonymous_3)
FN:33,(anonymous_4)
FN:79,(anonymous_5)
FN:113,(anonymous_6)
FN:119,(anonymous_7)
FN:132,(anonymous_8)
FN:136,(anonymous_9)
FN:140,(anonymous_10)
FN:144,(anonymous_11)
FN:148,(anonymous_12)
FN:152,(anonymous_13)
FN:162,(anonymous_14)
FN:182,(anonymous_15)
FN:188,(anonymous_16)
FN:219,(anonymous_17)
FN:228,(anonymous_18)
FN:229,(anonymous_19)
FN:259,(anonymous_20)
FN:269,(anonymous_21)
FNF:22
FNH:0
FNDA:0,(anonymous_0)
FNDA:0,(anonymous_1)
FNDA:0,(anonymous_2)
FNDA:0,(anonymous_3)
FNDA:0,(anonymous_4)
FNDA:0,(anonymous_5)
FNDA:0,(anonymous_6)
FNDA:0,(anonymous_7)
FNDA:0,(anonymous_8)
FNDA:0,(anonymous_9)
FNDA:0,(anonymous_10)
FNDA:0,(anonymous_11)
FNDA:0,(anonymous_12)
FNDA:0,(anonymous_13)
FNDA:0,(anonymous_14)
FNDA:0,(anonymous_15)
FNDA:0,(anonymous_16)
FNDA:0,(anonymous_17)
FNDA:0,(anonymous_18)
FNDA:0,(anonymous_19)
FNDA:0,(anonymous_20)
FNDA:0,(anonymous_21)
DA:7,2
DA:26,2
DA:27,0
DA:28,0
DA:34,0
DA:80,0
DA:114,0
DA:116,0
DA:118,0
DA:120,0
DA:122,0
DA:123,0
DA:128,0
DA:129,0
DA:130,0
DA:133,0
DA:134,0
DA:137,0
DA:138,0
DA:141,0
DA:142,0
DA:145,0
DA:146,0
DA:149,0
DA:150,0
DA:154,0
DA:155,0
DA:157,0
DA:158,0
DA:160,0
DA:163,0
DA:164,0
DA:183,0
DA:184,0
DA:186,0
DA:189,0
DA:191,0
DA:192,0
DA:195,0
DA:196,0
DA:197,0
DA:200,0
DA:203,0
DA:204,0
DA:207,0
DA:211,0
DA:212,0
DA:213,0
DA:215,0
DA:220,0
DA:222,0
DA:223,0
DA:226,0
DA:228,0
DA:230,0
DA:231,0
DA:233,0
DA:234,0
DA:235,0
DA:238,0
DA:239,0
DA:243,0
DA:244,0
DA:246,0
DA:249,0
DA:250,0
DA:251,0
DA:252,0
DA:253,0
DA:254,0
DA:255,0
DA:256,0
DA:257,0
DA:261,0
DA:262,0
DA:263,0
DA:264,0
DA:265,0
DA:266,0
DA:267,0
DA:270,0
LF:81
LH:2
BRDA:157,0,0,0
BRDA:157,0,1,0
BRDA:191,1,0,0
BRDA:191,1,1,0
BRDA:195,2,0,0
BRDA:195,2,1,0
BRDA:200,3,0,0
BRDA:200,3,1,0
BRDA:203,4,0,0
BRDA:203,4,1,0
BRDA:211,5,0,0
BRDA:211,5,1,0
BRDA:212,6,0,0
BRDA:212,6,1,0
BRDA:222,7,0,0
BRDA:222,7,1,0
BRDA:238,8,0,0
BRDA:238,8,1,0
BRDA:243,9,0,0
BRDA:243,9,1,0
BRDA:244,10,0,0
BRDA:244,10,1,0
BRF:22
BRH:0
end_of_record
TN:
SF:C:\Users\Yamo\Documents\visual studio 2015\Projects\react-jPlayer\src\jPlayer\mute\mute.container.jsx
FN:5,(anonymous_0)
FN:9,(anonymous_1)
FN:10,(anonymous_2)
FNF:3
FNH:3
FNDA:6,(anonymous_0)
FNDA:6,(anonymous_1)
FNDA:4,(anonymous_2)
DA:5,6
DA:9,6
DA:10,4
LF:3
LH:3
BRF:0
BRH:0
end_of_record
TN:
SF:C:\Users\Yamo\Documents\visual studio 2015\Projects\react-jPlayer\src\jPlayer\mute\mute.jsx
FN:5,(anonymous_0)
FNF:1
FNH:1
FNDA:2,(anonymous_0)
DA:5,2
DA:6,2
DA:8,2
LF:3
LH:3
BRF:0
BRH:0
end_of_record
TN:
SF:C:\Users\Yamo\Documents\visual studio 2015\Projects\react-jPlayer\src\jPlayer\mute\mute.spec.container.jsx
FN:9,(anonymous_0)
FN:13,(anonymous_1)
FN:14,(anonymous_2)
FN:24,(anonymous_3)
FN:35,(anonymous_4)
FNF:5
FNH:5
FNDA:6,(anonymous_0)
FNDA:2,(anonymous_1)
FNDA:2,(anonymous_2)
FNDA:2,(anonymous_3)
FNDA:2,(anonymous_4)
DA:9,6
DA:13,2
DA:14,2
DA:15,2
DA:17,2
DA:18,2
DA:19,2
DA:20,2
DA:21,2
DA:24,2
DA:25,2
DA:27,2
DA:29,2
DA:35,2
DA:36,1
DA:38,1
DA:40,1
LF:17
LH:17
BRF:0
BRH:0
end_of_record
TN:
SF:C:\Users\Yamo\Documents\visual studio 2015\Projects\react-jPlayer\src\jPlayer\mute\mute.spec.jsx
FN:8,(anonymous_0)
FN:23,(anonymous_1)
FN:27,(anonymous_2)
FN:31,(anonymous_3)
FNF:4
FNH:4
FNDA:2,(anonymous_0)
FNDA:2,(anonymous_1)
FNDA:2,(anonymous_2)
FNDA:2,(anonymous_3)
DA:8,2
DA:9,2
DA:15,2
DA:17,2
DA:23,2
DA:27,2
DA:28,2
DA:31,2
DA:32,2
DA:34,2
DA:35,1
DA:36,1
DA:37,1
LF:13
LH:13
BRF:0
BRH:0
end_of_record
TN:
SF:C:\Users\Yamo\Documents\visual studio 2015\Projects\react-jPlayer\src\jPlayer\nativeVideoControls\nativeVideoControls.js
FNF:0
FNH:0
LF:0
LH:0
BRF:0
BRH:0
end_of_record
TN:
SF:C:\Users\Yamo\Documents\visual studio 2015\Projects\react-jPlayer\src\jPlayer\play\play.acceptance.js
FN:7,(anonymous_0)
FN:11,(anonymous_1)
FN:15,(anonymous_2)
FN:20,(anonymous_3)
FN:20,(anonymous_4)
FN:24,(anonymous_5)
FN:25,(anonymous_6)
FN:29,(anonymous_7)
FN:30,(anonymous_8)
FN:37,(anonymous_9)
FN:41,(anonymous_10)
FN:42,(anonymous_11)
FN:46,(anonymous_12)
FN:50,(anonymous_13)
FNF:14
FNH:0
FNDA:0,(anonymous_0)
FNDA:0,(anonymous_1)
FNDA:0,(anonymous_2)
FNDA:0,(anonymous_3)
FNDA:0,(anonymous_4)
FNDA:0,(anonymous_5)
FNDA:0,(anonymous_6)
FNDA:0,(anonymous_7)
FNDA:0,(anonymous_8)
FNDA:0,(anonymous_9)
FNDA:0,(anonymous_10)
FNDA:0,(anonymous_11)
FNDA:0,(anonymous_12)
FNDA:0,(anonymous_13)
DA:7,0
DA:9,0
DA:11,0
DA:15,0
DA:20,0
DA:21,0
DA:22,0
DA:24,0
DA:25,0
DA:26,0
DA:27,0
DA:29,0
DA:30,0
DA:31,0
DA:32,0
DA:33,0
DA:37,0
DA:38,0
DA:41,0
DA:42,0
DA:44,0
DA:46,0
DA:50,0
LF:23
LH:0
BRDA:33,0,0,0
BRDA:33,0,1,0
BRF:2
BRH:0
end_of_record
TN:
SF:C:\Users\Yamo\Documents\visual studio 2015\Projects\react-jPlayer\src\jPlayer\play\play.container.jsx
FN:5,(anonymous_0)
FN:9,(anonymous_1)
FN:10,(anonymous_2)
FNF:3
FNH:3
FNDA:6,(anonymous_0)
FNDA:6,(anonymous_1)
FNDA:4,(anonymous_2)
DA:5,6
DA:9,6
DA:10,4
LF:3
LH:3
BRDA:10,0,0,2
BRDA:10,0,1,2
BRF:2
BRH:2
end_of_record
TN:
SF:C:\Users\Yamo\Documents\visual studio 2015\Projects\react-jPlayer\src\jPlayer\play\play.jsx
FN:5,(anonymous_0)
FNF:1
FNH:1
FNDA:2,(anonymous_0)
DA:5,2
DA:6,2
DA:8,2
LF:3
LH:3
BRF:0
BRH:0
end_of_record
TN:
SF:C:\Users\Yamo\Documents\visual studio 2015\Projects\react-jPlayer\src\jPlayer\play\play.spec.container.jsx
FN:9,(anonymous_0)
FN:13,(anonymous_1)
FN:14,(anonymous_2)
FN:24,(anonymous_3)
FN:32,(anonymous_4)
FNF:5
FNH:5
FNDA:6,(anonymous_0)
FNDA:2,(anonymous_1)
FNDA:2,(anonymous_2)
FNDA:2,(anonymous_3)
FNDA:2,(anonymous_4)
DA:9,6
DA:13,2
DA:14,2
DA:15,2
DA:17,2
DA:18,2
DA:19,2
DA:20,2
DA:21,2
DA:24,2
DA:25,2
DA:27,2
DA:29,2
DA:32,2
DA:33,1
DA:35,1
DA:37,1
LF:17
LH:17
BRF:0
BRH:0
end_of_record
TN:
SF:C:\Users\Yamo\Documents\visual studio 2015\Projects\react-jPlayer\src\jPlayer\play\play.spec.jsx
FN:8,(anonymous_0)
FN:23,(anonymous_1)
FN:27,(anonymous_2)
FN:31,(anonymous_3)
FNF:4
FNH:4
FNDA:2,(anonymous_0)
FNDA:2,(anonymous_1)
FNDA:2,(anonymous_2)
FNDA:2,(anonymous_3)
DA:8,2
DA:9,2
DA:15,2
DA:17,2
DA:23,2
DA:27,2
DA:28,2
DA:31,2
DA:32,2
DA:34,2
DA:35,1
DA:36,1
DA:37,1
LF:13
LH:13
BRF:0
BRH:0
end_of_record
TN:
SF:C:\Users\Yamo\Documents\visual studio 2015\Projects\react-jPlayer\src\jPlayer\playBar\playBar.container.jsx
FN:4,(anonymous_0)
FN:11,(anonymous_1)
FNF:2
FNH:2
FNDA:2,(anonymous_0)
FNDA:2,(anonymous_1)
DA:4,2
DA:11,2
LF:2
LH:2
BRF:0
BRH:0
end_of_record
TN:
SF:C:\Users\Yamo\Documents\visual studio 2015\Projects\react-jPlayer\src\jPlayer\playBar\playBar.jsx
FN:6,(anonymous_0)
FN:9,(anonymous_1)
FNF:2
FNH:2
FNDA:6,(anonymous_0)
FNDA:4,(anonymous_1)
DA:6,2
DA:8,6
DA:10,4
DA:20,2
DA:25,2
LF:5
LH:5
BRDA:12,0,0,2
BRDA:12,0,1,2
BRF:2
BRH:2
end_of_record
TN:
SF:C:\Users\Yamo\Documents\visual studio 2015\Projects\react-jPlayer\src\jPlayer\playBar\playBar.spec.container.jsx
FN:7,(anonymous_0)
FN:9,(anonymous_1)
FN:10,(anonymous_2)
FNF:3
FNH:3
FNDA:2,(anonymous_0)
FNDA:2,(anonymous_1)
FNDA:2,(anonymous_2)
DA:7,2
DA:9,2
DA:10,2
DA:11,2
DA:13,2
DA:14,2
DA:15,2
DA:16,2
DA:17,2
DA:18,2
DA:19,1
LF:11
LH:11
BRF:0
BRH:0
end_of_record
TN:
SF:C:\Users\Yamo\Documents\visual studio 2015\Projects\react-jPlayer\src\jPlayer\playBar\playBar.spec.jsx
FN:8,(anonymous_0)
FN:24,(anonymous_1)
FN:28,(anonymous_2)
FN:32,(anonymous_3)
FN:41,(anonymous_4)
FNF:5
FNH:5
FNDA:4,(anonymous_0)
FNDA:2,(anonymous_1)
FNDA:4,(anonymous_2)
FNDA:2,(anonymous_3)
FNDA:2,(anonymous_4)
DA:8,2
DA:9,4
DA:16,3
DA:18,3
DA:24,2
DA:28,2
DA:29,3
DA:32,2
DA:33,2
DA:35,2
DA:36,2
DA:37,2
DA:38,1
DA:41,1
DA:42,1
DA:43,1
LF:16
LH:16
BRF:0
BRH:0
end_of_record
TN:
SF:C:\Users\Yamo\Documents\visual studio 2015\Projects\react-jPlayer\src\jPlayer\playbackRateBar\playbackRateBar.container.jsx
FN:8,(anonymous_0)
FN:16,(anonymous_1)
FN:38,(anonymous_2)
FN:41,(anonymous_3)
FN:47,(anonymous_4)
FN:52,(anonymous_5)
FNF:6
FNH:0
FNDA:0,(anonymous_0)
FNDA:0,(anonymous_1)
FNDA:0,(anonymous_2)
FNDA:0,(anonymous_3)
FNDA:0,(anonymous_4)
FNDA:0,(anonymous_5)
DA:8,0
DA:10,0
DA:12,0
DA:17,0
DA:18,0
DA:19,0
DA:20,0
DA:21,0
DA:24,0
DA:25,0
DA:27,0
DA:30,0
DA:33,0
DA:38,0
DA:40,0
DA:43,0
DA:45,0
DA:47,0
DA:52,0
DA:53,0
DA:58,0
DA:62,0
LF:22
LH:0
BRDA:24,0,0,0
BRDA:24,0,1,0
BRF:2
BRH:0
end_of_record
TN:
SF:C:\Users\Yamo\Documents\visual studio 2015\Projects\react-jPlayer\src\jPlayer\playbackRateBar\playbackRateBar.jsx
FN:5,(anonymous_0)
FNF:1
FNH:1
FNDA:2,(anonymous_0)
DA:5,2
DA:7,2
DA:16,2
DA:23,2
LF:4
LH:4
BRF:0
BRH:0
end_of_record
TN:
SF:C:\Users\Yamo\Documents\visual studio 2015\Projects\react-jPlayer\src\jPlayer\playbackRateBar\playbackRateBar.spec.jsx
FN:8,(anonymous_0)
FN:25,(anonymous_1)
FN:29,(anonymous_2)
FN:33,(anonymous_3)
FNF:4
FNH:4
FNDA:2,(anonymous_0)
FNDA:2,(anonymous_1)
FNDA:2,(anonymous_2)
FNDA:2,(anonymous_3)
DA:8,2
DA:9,2
DA:17,2
DA:19,2
DA:25,2
DA:29,2
DA:30,2
DA:33,2
DA:34,2
DA:35,2
DA:37,2
DA:38,2
DA:39,1
DA:40,1
DA:41,1
LF:15
LH:15
BRF:0
BRH:0
end_of_record
TN:
SF:C:\Users\Yamo\Documents\visual studio 2015\Projects\react-jPlayer\src\jPlayer\playbackRateBarValue\playbackRateBarValue.container.jsx
FN:4,(anonymous_0)
FN:12,(anonymous_1)
FNF:2
FNH:2
FNDA:2,(anonymous_0)
FNDA:2,(anonymous_1)
DA:4,2
DA:12,2
LF:2
LH:2
BRF:0
BRH:0
end_of_record
TN:
SF:C:\Users\Yamo\Documents\visual studio 2015\Projects\react-jPlayer\src\jPlayer\playbackRateBarValue\playbackRateBarValue.jsx
FN:5,(anonymous_0)
FN:7,(anonymous_1)
FNF:2
FNH:2
FNDA:14,(anonymous_0)
FNDA:14,(anonymous_1)
DA:5,2
DA:7,14
DA:8,14
DA:10,14
DA:12,8
DA:17,8
DA:24,1
DA:30,1
LF:8
LH:8
BRDA:13,0,0,12
BRDA:13,0,1,2
BRDA:14,1,0,2
BRDA:14,1,1,12
BRF:4
BRH:4
end_of_record
TN:
SF:C:\Users\Yamo\Documents\visual studio 2015\Projects\react-jPlayer\src\jPlayer\playbackRateBarValue\playbackRateBarValue.spec.container.jsx
FN:7,(anonymous_0)
FN:9,(anonymous_1)
FN:10,(anonymous_2)
FNF:3
FNH:3
FNDA:2,(anonymous_0)
FNDA:2,(anonymous_1)
FNDA:2,(anonymous_2)
DA:7,2
DA:9,2
DA:10,2
DA:11,2
DA:13,2
DA:14,2
DA:15,2
DA:16,2
DA:17,2
DA:18,2
DA:19,2
DA:20,1
LF:12
LH:12
BRF:0
BRH:0
end_of_record
TN:
SF:C:\Users\Yamo\Documents\visual studio 2015\Projects\react-jPlayer\src\jPlayer\playbackRateBarValue\playbackRatebarValue.spec.jsx
FN:30,(anonymous_0)
FN:44,(anonymous_1)
FN:48,(anonymous_2)
FN:52,(anonymous_3)
FN:57,(anonymous_4)
FN:59,(anonymous_5)
FNF:6
FNH:6
FNDA:8,(anonymous_0)
FNDA:2,(anonymous_1)
FNDA:8,(anonymous_2)
FNDA:2,(anonymous_3)
FNDA:6,(anonymous_4)
FNDA:6,(anonymous_5)
DA:8,2
DA:30,5
DA:31,5
DA:36,5
DA:38,5
DA:44,2
DA:48,2
DA:49,5
DA:52,4
DA:53,4
DA:54,4
DA:57,1
DA:58,3
DA:60,3
DA:62,3
LF:15
LH:15
BRF:0
BRH:0
end_of_record
TN:
SF:C:\Users\Yamo\Documents\visual studio 2015\Projects\react-jPlayer\src\jPlayer\poster\poster.container.jsx
FN:4,(anonymous_0)
FN:10,(anonymous_1)
FNF:2
FNH:2
FNDA:2,(anonymous_0)
FNDA:2,(anonymous_1)
DA:4,2
DA:10,2
LF:2
LH:2
BRF:0
BRH:0
end_of_record
TN:
SF:C:\Users\Yamo\Documents\visual studio 2015\Projects\react-jPlayer\src\jPlayer\poster\poster.jsx
FN:5,(anonymous_0)
FNF:1
FNH:1
FNDA:2,(anonymous_0)
DA:5,2
DA:6,2
DA:8,2
DA:12,2
LF:4
LH:4
BRF:0
BRH:0
end_of_record
TN:
SF:C:\Users\Yamo\Documents\visual studio 2015\Projects\react-jPlayer\src\jPlayer\poster\poster.spec.container.jsx
FN:7,(anonymous_0)
FN:11,(anonymous_1)
FN:12,(anonymous_2)
FNF:3
FNH:3
FNDA:2,(anonymous_0)
FNDA:2,(anonymous_1)
FNDA:2,(anonymous_2)
DA:7,2
DA:11,2
DA:12,2
DA:13,2
DA:15,2
DA:16,2
DA:17,2
DA:18,2
DA:19,2
DA:20,1
LF:10
LH:10
BRF:0
BRH:0
end_of_record
TN:
SF:C:\Users\Yamo\Documents\visual studio 2015\Projects\react-jPlayer\src\jPlayer\poster\poster.spec.jsx
FN:8,(anonymous_0)
FN:23,(anonymous_1)
FN:27,(anonymous_2)
FN:31,(anonymous_3)
FNF:4
FNH:4
FNDA:2,(anonymous_0)
FNDA:2,(anonymous_1)
FNDA:2,(anonymous_2)
FNDA:2,(anonymous_3)
DA:8,2
DA:9,2
DA:15,2
DA:17,2
DA:23,2
DA:27,2
DA:28,2
DA:31,2
DA:32,2
DA:33,1
DA:34,1
DA:35,1
LF:12
LH:12
BRF:0
BRH:0
end_of_record
TN:
SF:C:\Users\Yamo\Documents\visual studio 2015\Projects\react-jPlayer\src\jPlayer\repeat\repeat.acceptance.js
FN:7,(anonymous_0)
FN:10,(anonymous_1)
FN:11,(anonymous_2)
FN:12,(anonymous_3)
FN:13,(anonymous_4)
FN:18,(anonymous_5)
FN:22,(anonymous_6)
FN:23,(anonymous_7)
FN:24,(anonymous_8)
FN:28,(anonymous_9)
FNF:10
FNH:0
FNDA:0,(anonymous_0)
FNDA:0,(anonymous_1)
FNDA:0,(anonymous_2)
FNDA:0,(anonymous_3)
FNDA:0,(anonymous_4)
FNDA:0,(anonymous_5)
FNDA:0,(anonymous_6)
FNDA:0,(anonymous_7)
FNDA:0,(anonymous_8)
FNDA:0,(anonymous_9)
DA:7,0
DA:10,0
DA:11,0
DA:12,0
DA:13,0
DA:14,0
DA:18,0
DA:19,0
DA:22,0
DA:23,0
DA:24,0
DA:28,0
LF:12
LH:0
BRDA:14,0,0,0
BRDA:14,0,1,0
BRF:2
BRH:0
end_of_record
TN:
SF:C:\Users\Yamo\Documents\visual studio 2015\Projects\react-jPlayer\src\jPlayer\repeat\repeat.container.jsx
FN:6,(anonymous_0)
FN:10,(anonymous_1)
FN:11,(anonymous_2)
FNF:3
FNH:3
FNDA:6,(anonymous_0)
FNDA:6,(anonymous_1)
FNDA:4,(anonymous_2)
DA:6,6
DA:10,6
DA:12,4
DA:13,2
LF:4
LH:4
BRDA:12,0,0,2
BRDA:12,0,1,2
BRF:2
BRH:2
end_of_record
TN:
SF:C:\Users\Yamo\Documents\visual studio 2015\Projects\react-jPlayer\src\jPlayer\repeat\repeat.jsx
FN:5,(anonymous_0)
FNF:1
FNH:1
FNDA:2,(anonymous_0)
DA:5,2
DA:6,2
DA:8,2
LF:3
LH:3
BRF:0
BRH:0
end_of_record
TN:
SF:C:\Users\Yamo\Documents\visual studio 2015\Projects\react-jPlayer\src\jPlayer\repeat\repeat.spec.container.jsx
FN:10,(anonymous_0)
FN:14,(anonymous_1)
FN:15,(anonymous_2)
FN:25,(anonymous_3)
FN:33,(anonymous_4)
FNF:5
FNH:5
FNDA:6,(anonymous_0)
FNDA:2,(anonymous_1)
FNDA:2,(anonymous_2)
FNDA:2,(anonymous_3)
FNDA:2,(anonymous_4)
DA:10,6
DA:14,2
DA:15,2
DA:16,2
DA:18,2
DA:19,2
DA:20,2
DA:21,2
DA:22,2
DA:25,2
DA:26,2
DA:28,2
DA:30,2
DA:33,2
DA:34,1
DA:36,1
DA:38,1
LF:17
LH:17
BRF:0
BRH:0
end_of_record
TN:
SF:C:\Users\Yamo\Documents\visual studio 2015\Projects\react-jPlayer\src\jPlayer\repeat\repeat.spec.jsx
FN:8,(anonymous_0)
FN:23,(anonymous_1)
FN:27,(anonymous_2)
FN:31,(anonymous_3)
FNF:4
FNH:4
FNDA:2,(anonymous_0)
FNDA:2,(anonymous_1)
FNDA:2,(anonymous_2)
FNDA:2,(anonymous_3)
DA:8,2
DA:9,2
DA:15,2
DA:17,2
DA:23,2
DA:27,2
DA:28,2
DA:31,2
DA:32,2
DA:34,2
DA:35,1
DA:36,1
DA:37,1
LF:13
LH:13
BRF:0
BRH:0
end_of_record
TN:
SF:C:\Users\Yamo\Documents\visual studio 2015\Projects\react-jPlayer\src\jPlayer\seekBar\seekBar.container.jsx
FN:7,(anonymous_0)
FN:12,(anonymous_1)
FN:24,(anonymous_2)
FN:25,(anonymous_3)
FN:31,(anonymous_4)
FN:36,(anonymous_5)
FNF:6
FNH:0
FNDA:0,(anonymous_0)
FNDA:0,(anonymous_1)
FNDA:0,(anonymous_2)
FNDA:0,(anonymous_3)
FNDA:0,(anonymous_4)
FNDA:0,(anonymous_5)
DA:7,0
DA:8,0
DA:10,0
DA:13,0
DA:14,0
DA:15,0
DA:16,0
DA:18,0
DA:24,0
DA:27,0
DA:29,0
DA:31,0
DA:36,0
DA:37,0
DA:42,0
LF:15
LH:0
BRF:0
BRH:0
end_of_record
TN:
SF:C:\Users\Yamo\Documents\visual studio 2015\Projects\react-jPlayer\src\jPlayer\seekBar\seekBar.jsx
FN:5,(anonymous_0)
FNF:1
FNH:1
FNDA:2,(anonymous_0)
DA:5,2
DA:7,2
DA:16,2
DA:23,2
LF:4
LH:4
BRF:0
BRH:0
end_of_record
TN:
SF:C:\Users\Yamo\Documents\visual studio 2015\Projects\react-jPlayer\src\jPlayer\seekBar\seekBar.spec.jsx
FN:8,(anonymous_0)
FN:26,(anonymous_1)
FN:30,(anonymous_2)
FN:34,(anonymous_3)
FNF:4
FNH:4
FNDA:2,(anonymous_0)
FNDA:2,(anonymous_1)
FNDA:2,(anonymous_2)
FNDA:2,(anonymous_3)
DA:8,2
DA:9,2
DA:18,2
DA:20,2
DA:26,2
DA:30,2
DA:31,2
DA:34,2
DA:35,2
DA:36,2
DA:38,2
DA:39,2
DA:40,2
DA:41,1
DA:42,1
DA:43,1
LF:16
LH:16
BRF:0
BRH:0
end_of_record
TN:
SF:C:\Users\Yamo\Documents\visual studio 2015\Projects\react-jPlayer\src\jPlayer\title\title.container.jsx
FN:4,(anonymous_0)
FN:8,(anonymous_1)
FNF:2
FNH:2
FNDA:2,(anonymous_0)
FNDA:2,(anonymous_1)
DA:4,2
DA:8,2
LF:2
LH:2
BRF:0
BRH:0
end_of_record
TN:
SF:C:\Users\Yamo\Documents\visual studio 2015\Projects\react-jPlayer\src\jPlayer\title\title.jsx
FN:5,(anonymous_0)
FNF:1
FNH:1
FNDA:2,(anonymous_0)
DA:5,2
DA:6,2
DA:9,2
LF:3
LH:3
BRF:0
BRH:0
end_of_record
TN:
SF:C:\Users\Yamo\Documents\visual studio 2015\Projects\react-jPlayer\src\jPlayer\title\title.spec.container.jsx
FN:7,(anonymous_0)
FN:11,(anonymous_1)
FN:12,(anonymous_2)
FNF:3
FNH:3
FNDA:2,(anonymous_0)
FNDA:2,(anonymous_1)
FNDA:2,(anonymous_2)
DA:7,2
DA:11,2
DA:12,2
DA:13,2
DA:15,2
DA:16,2
DA:17,2
DA:18,2
DA:19,1
LF:9
LH:9
BRF:0
BRH:0
end_of_record
TN:
SF:C:\Users\Yamo\Documents\visual studio 2015\Projects\react-jPlayer\src\jPlayer\title\title.spec.jsx
FN:8,(anonymous_0)
FN:22,(anonymous_1)
FN:26,(anonymous_2)
FN:30,(anonymous_3)
FNF:4
FNH:4
FNDA:2,(anonymous_0)
FNDA:2,(anonymous_1)
FNDA:2,(anonymous_2)
FNDA:2,(anonymous_3)
DA:8,2
DA:9,2
DA:14,2
DA:16,2
DA:22,2
DA:26,2
DA:27,2
DA:30,2
DA:31,1
DA:32,1
DA:33,1
LF:11
LH:11
BRF:0
BRH:0
end_of_record
TN:
SF:C:\Users\Yamo\Documents\visual studio 2015\Projects\react-jPlayer\src\jPlayer\video\video.container.jsx
FN:4,(anonymous_0)
FN:9,(anonymous_1)
FNF:2
FNH:2
FNDA:2,(anonymous_0)
FNDA:2,(anonymous_1)
DA:4,2
DA:9,2
LF:2
LH:2
BRF:0
BRH:0
end_of_record
TN:
SF:C:\Users\Yamo\Documents\visual studio 2015\Projects\react-jPlayer\src\jPlayer\video\video.jsx
FN:6,(anonymous_0)
FNF:1
FNH:1
FNDA:6,(anonymous_0)
DA:6,2
DA:7,6
DA:16,2
DA:21,2
LF:4
LH:4
BRDA:7,0,0,4
BRDA:7,0,1,2
BRF:2
BRH:2
end_of_record
TN:
SF:C:\Users\Yamo\Documents\visual studio 2015\Projects\react-jPlayer\src\jPlayer\video\video.spec.container.jsx
FN:8,(anonymous_0)
FN:12,(anonymous_1)
FN:13,(anonymous_2)
FNF:3
FNH:3
FNDA:2,(anonymous_0)
FNDA:2,(anonymous_1)
FNDA:2,(anonymous_2)
DA:8,2
DA:12,2
DA:13,2
DA:14,2
DA:16,2
DA:17,2
DA:18,2
DA:19,2
DA:20,2
DA:21,1
LF:10
LH:10
BRF:0
BRH:0
end_of_record
TN:
SF:C:\Users\Yamo\Documents\visual studio 2015\Projects\react-jPlayer\src\jPlayer\video\video.spec.jsx
FN:34,(anonymous_0)
FN:50,(anonymous_1)
FN:54,(anonymous_2)
FN:58,(anonymous_3)
FN:61,(anonymous_4)
FN:70,(anonymous_5)
FNF:6
FNH:6
FNDA:4,(anonymous_0)
FNDA:2,(anonymous_1)
FNDA:4,(anonymous_2)
FNDA:2,(anonymous_3)
FNDA:46,(anonymous_4)
FNDA:2,(anonymous_5)
DA:8,2
DA:34,3
DA:35,3
DA:42,3
DA:44,3
DA:50,2
DA:54,24
DA:55,3
DA:58,2
DA:59,2
DA:61,2
DA:62,24
DA:65,2
DA:66,1
DA:67,1
DA:70,1
DA:71,1
DA:73,1
LF:18
LH:18
BRF:0
BRH:0
end_of_record
TN:
SF:C:\Users\Yamo\Documents\visual studio 2015\Projects\react-jPlayer\src\jPlayer\volumeBar\volumeBar.container.jsx
FN:8,(anonymous_0)
FN:13,(anonymous_1)
FN:30,(anonymous_2)
FN:31,(anonymous_3)
FN:37,(anonymous_4)
FN:41,(anonymous_5)
FNF:6
FNH:0
FNDA:0,(anonymous_0)
FNDA:0,(anonymous_1)
FNDA:0,(anonymous_2)
FNDA:0,(anonymous_3)
FNDA:0,(anonymous_4)
FNDA:0,(anonymous_5)
DA:8,0
DA:9,0
DA:11,0
DA:14,0
DA:15,0
DA:16,0
DA:17,0
DA:18,0
DA:20,0
DA:21,0
DA:23,0
DA:30,0
DA:33,0
DA:35,0
DA:37,0
DA:41,0
DA:42,0
DA:47,0
DA:51,0
LF:19
LH:0
BRDA:20,0,0,0
BRDA:20,0,1,0
BRF:2
BRH:0
end_of_record
TN:
SF:C:\Users\Yamo\Documents\visual studio 2015\Projects\react-jPlayer\src\jPlayer\volumeBar\volumeBar.jsx
FN:5,(anonymous_0)
FNF:1
FNH:1
FNDA:2,(anonymous_0)
DA:5,2
DA:7,2
DA:15,2
DA:22,2
LF:4
LH:4
BRF:0
BRH:0
end_of_record
TN:
SF:C:\Users\Yamo\Documents\visual studio 2015\Projects\react-jPlayer\src\jPlayer\volumeBar\volumeBar.spec.jsx
FN:8,(anonymous_0)
FN:25,(anonymous_1)
FN:29,(anonymous_2)
FN:33,(anonymous_3)
FNF:4
FNH:4
FNDA:2,(anonymous_0)
FNDA:2,(anonymous_1)
FNDA:2,(anonymous_2)
FNDA:2,(anonymous_3)
DA:8,2
DA:9,2
DA:17,2
DA:19,2
DA:25,2
DA:29,2
DA:30,2
DA:33,2
DA:34,2
DA:35,2
DA:37,2
DA:38,2
DA:39,1
DA:40,1
DA:41,1
LF:15
LH:15
BRF:0
BRH:0
end_of_record
TN:
SF:C:\Users\Yamo\Documents\visual studio 2015\Projects\react-jPlayer\src\jPlayer\volumeBarValue\volumeBarValue.container.jsx
FN:4,(anonymous_0)
FN:11,(anonymous_1)
FNF:2
FNH:2
FNDA:2,(anonymous_0)
FNDA:2,(anonymous_1)
DA:4,2
DA:11,2
LF:2
LH:2
BRF:0
BRH:0
end_of_record
TN:
SF:C:\Users\Yamo\Documents\visual studio 2015\Projects\react-jPlayer\src\jPlayer\volumeBarValue\volumeBarValue.jsx
FN:5,(anonymous_0)
FN:6,(anonymous_1)
FNF:2
FNH:2
FNDA:26,(anonymous_0)
FNDA:26,(anonymous_1)
DA:5,2
DA:6,26
DA:7,26
DA:9,26
DA:14,14
DA:17,2
DA:21,1
LF:7
LH:7
BRDA:7,0,0,6
BRDA:7,0,1,20
BRDA:10,1,0,22
BRDA:10,1,1,4
BRDA:11,2,0,4
BRDA:11,2,1,22
BRF:6
BRH:6
end_of_record
TN:
SF:C:\Users\Yamo\Documents\visual studio 2015\Projects\react-jPlayer\src\jPlayer\volumeBarValue\volumeBarValue.spec.container.jsx
FN:7,(anonymous_0)
FN:9,(anonymous_1)
FN:10,(anonymous_2)
FNF:3
FNH:3
FNDA:2,(anonymous_0)
FNDA:2,(anonymous_1)
FNDA:2,(anonymous_2)
DA:7,2
DA:9,2
DA:10,2
DA:11,2
DA:13,2
DA:14,2
DA:15,2
DA:16,2
DA:17,2
DA:18,2
DA:19,1
LF:11
LH:11
BRF:0
BRH:0
end_of_record
TN:
SF:C:\Users\Yamo\Documents\visual studio 2015\Projects\react-jPlayer\src\jPlayer\volumeBarValue\volumeBarValue.spec.jsx
FN:18,(anonymous_0)
FN:33,(anonymous_1)
FN:37,(anonymous_2)
FN:41,(anonymous_3)
FN:46,(anonymous_4)
FN:47,(anonymous_5)
FNF:6
FNH:6
FNDA:14,(anonymous_0)
FNDA:2,(anonymous_1)
FNDA:14,(anonymous_2)
FNDA:2,(anonymous_3)
FNDA:12,(anonymous_4)
FNDA:12,(anonymous_5)
DA:8,2
DA:18,8
DA:19,8
DA:25,8
DA:27,8
DA:33,2
DA:37,2
DA:38,8
DA:41,7
DA:42,7
DA:43,7
DA:46,1
DA:47,6
DA:48,6
DA:50,6
LF:15
LH:15
BRF:0
BRH:0
end_of_record
TN:
SF:C:\Users\Yamo\Documents\visual studio 2015\Projects\react-jPlayer\src\jPlaylist\actions.js
FNF:0
FNH:0
LF:0
LH:0
BRF:0
BRH:0
end_of_record
TN:
SF:C:\Users\Yamo\Documents\visual studio 2015\Projects\react-jPlayer\src\jPlaylist\jPlaylist.container.jsx
FNF:0
FNH:0
LF:0
LH:0
BRF:0
BRH:0
end_of_record
TN:
SF:C:\Users\Yamo\Documents\visual studio 2015\Projects\react-jPlayer\src\jPlaylist\playlist.jsx
FNF:0
FNH:0
LF:0
LH:0
BRF:0
BRH:0
end_of_record
TN:
SF:C:\Users\Yamo\Documents\visual studio 2015\Projects\react-jPlayer\src\jPlaylist\playlistItem.jsx
FNF:0
FNH:0
LF:0
LH:0
BRF:0
BRH:0
end_of_record
TN:
SF:C:\Users\Yamo\Documents\visual studio 2015\Projects\react-jPlayer\src\jPlaylist\reducer.js
FNF:0
FNH:0
LF:0
LH:0
BRF:0
BRH:0
end_of_record
TN:
SF:C:\Users\Yamo\Documents\visual studio 2015\Projects\react-jPlayer\src\util\common.acceptance.js
FN:3,(anonymous_0)
FNF:1
FNH:0
FNDA:0,(anonymous_0)
DA:3,0
DA:4,0
DA:12,0
DA:17,0
DA:19,0
LF:5
LH:0
BRF:0
BRH:0
end_of_record
TN:
SF:C:\Users\Yamo\Documents\visual studio 2015\Projects\react-jPlayer\src\util\common.spec.jsx
FN:9,(anonymous_0)
FN:13,(anonymous_1)
FN:16,(anonymous_2)
FN:21,(anonymous_3)
FN:26,(anonymous_4)
FN:33,(anonymous_5)
FN:39,(anonymous_6)
FN:47,(anonymous_7)
FN:50,(anonymous_8)
FN:54,(anonymous_9)
FN:88,(anonymous_10)
FN:88,(anonymous_11)
FN:95,(anonymous_12)
FN:98,(anonymous_13)
FN:108,(anonymous_14)
FN:124,(anonymous_15)
FN:149,(anonymous_16)
FN:150,(anonymous_17)
FN:161,(anonymous_18)
FN:162,(anonymous_19)
FNF:20
FNH:11
FNDA:0,(anonymous_0)
FNDA:0,(anonymous_1)
FNDA:0,(anonymous_2)
FNDA:0,(anonymous_3)
FNDA:0,(anonymous_4)
FNDA:0,(anonymous_5)
FNDA:0,(anonymous_6)
FNDA:38,(anonymous_7)
FNDA:38,(anonymous_8)
FNDA:16,(anonymous_9)
FNDA:10,(anonymous_10)
FNDA:214,(anonymous_11)
FNDA:30,(anonymous_12)
FNDA:30,(anonymous_13)
FNDA:46,(anonymous_14)
FNDA:30,(anonymous_15)
FNDA:30,(anonymous_16)
FNDA:30,(anonymous_17)
FNDA:0,(anonymous_18)
FNDA:0,(anonymous_19)
DA:9,1
DA:13,0
DA:14,0
DA:15,0
DA:16,0
DA:21,0
DA:22,0
DA:23,0
DA:26,0
DA:27,0
DA:28,0
DA:29,0
DA:30,0
DA:33,0
DA:34,0
DA:35,0
DA:36,0
DA:39,0
DA:40,0
DA:41,0
DA:42,0
DA:43,19
DA:47,20
DA:48,38
DA:50,27
DA:51,38
DA:54,30
DA:55,27
DA:58,24
DA:59,118
DA:62,119
DA:67,16
DA:88,20
DA:89,122
DA:90,123
DA:95,30
DA:96,38
DA:98,16
DA:99,30
DA:100,30
DA:103,30
DA:108,16
DA:109,38
DA:111,23
DA:112,29
DA:115,23
DA:120,1
DA:124,1
DA:125,15
DA:132,15
DA:137,15
DA:139,15
DA:141,15
DA:149,1
DA:150,15
DA:151,15
DA:153,15
DA:158,15
DA:161,1
DA:162,0
DA:163,0
DA:165,0
DA:174,0
LF:63
LH:39
BRDA:50,0,0,22
BRDA:58,1,0,111
BRDA:58,1,1,15
BRDA:89,2,0,104
BRDA:89,2,1,32
BRDA:112,3,0,4
BRDA:112,3,1,25
BRF:7
BRH:7
end_of_record
TN:
SF:C:\Users\Yamo\Documents\visual studio 2015\Projects\react-jPlayer\src\util\constants.js
FNF:0
FNH:0
DA:1,1
DA:26,1
DA:46,1
DA:54,1
DA:62,1
DA:109,1
DA:115,1
DA:128,1
DA:141,1
DA:212,1
DA:233,1
DA:277,1
LF:12
LH:12
BRF:0
BRH:0
end_of_record
TN:
SF:C:\Users\Yamo\Documents\visual studio 2015\Projects\react-jPlayer\src\util\index.jsx
FN:6,(anonymous_0)
FN:6,(anonymous_1)
FN:7,(anonymous_2)
FN:14,(anonymous_3)
FN:14,(anonymous_4)
FN:14,(anonymous_5)
FN:16,(anonymous_6)
FN:21,(anonymous_7)
FN:22,(anonymous_8)
FN:24,(anonymous_9)
FN:29,(anonymous_10)
FN:36,(anonymous_11)
FN:43,(anonymous_12)
FN:49,(anonymous_13)
FN:55,(anonymous_14)
FN:62,(anonymous_15)
FN:64,(anonymous_16)
FN:66,(anonymous_17)
FN:78,(anonymous_18)
FN:85,(anonymous_19)
FNF:20
FNH:12
FNDA:40,(anonymous_0)
FNDA:40,(anonymous_1)
FNDA:30,(anonymous_2)
FNDA:40,(anonymous_3)
FNDA:40,(anonymous_4)
FNDA:40,(anonymous_5)
FNDA:40,(anonymous_6)
FNDA:0,(anonymous_7)
FNDA:0,(anonymous_8)
FNDA:820,(anonymous_9)
FNDA:6,(anonymous_10)
FNDA:2,(anonymous_11)
FNDA:0,(anonymous_12)
FNDA:24,(anonymous_13)
FNDA:0,(anonymous_14)
FNDA:0,(anonymous_15)
FNDA:0,(anonymous_16)
FNDA:72,(anonymous_17)
FNDA:0,(anonymous_18)
FNDA:0,(anonymous_19)
DA:6,40
DA:7,40
DA:9,40
DA:11,40
DA:14,40
DA:16,21
DA:21,1
DA:22,410
DA:24,411
DA:29,3
DA:37,13
DA:38,1
DA:39,1
DA:43,36
DA:49,38
DA:55,11
DA:56,16
DA:62,1
DA:64,1
DA:66,1
DA:67,36
DA:68,10
DA:71,26
DA:72,10
DA:74,16
DA:78,1
DA:79,0
DA:80,0
DA:82,0
DA:85,1
DA:86,0
DA:87,0
DA:89,0
DA:90,0
DA:92,0
DA:93,0
DA:94,0
DA:95,0
DA:96,0
DA:97,0
DA:99,0
DA:100,0
DA:101,0
DA:102,0
DA:104,0
LF:45
LH:27
BRDA:67,0,0,20
BRDA:67,0,1,52
BRDA:71,1,0,20
BRDA:71,1,1,32
BRDA:86,2,0,0
BRDA:86,2,1,0
BRDA:93,3,0,0
BRDA:93,3,1,0
BRDA:94,4,0,0
BRDA:94,4,1,0
BRDA:95,5,0,0
BRDA:95,5,1,0
BRDA:95,6,0,0
BRDA:95,6,1,0
BRDA:96,7,0,0
BRDA:96,7,1,0
BRDA:96,8,0,0
BRDA:96,8,1,0
BRDA:97,9,0,0
BRDA:97,9,1,0
BRDA:97,10,0,0
BRDA:97,10,1,0
BRDA:100,11,0,0
BRDA:100,11,1,0
BRDA:101,12,0,0
BRDA:101,12,1,0
BRDA:102,13,0,0
BRDA:102,13,1,0
BRF:28
BRH:4
end_of_record
